<?xml version="1.0" encoding="UTF-8"?>
<!-- Generated by org.testng.reporters.JUnitXMLReporter -->
<testsuite hostname="user-PC" ignored="0" name="Default test" tests="4" failures="0" timestamp="12 Dec 2019 19:28:38 GMT" time="56.451" errors="0">
  <testcase name="clickOnLeadsTabTest" time="1.913" classname="com.AderantOmega.qa.testcases.HomePageTest"/>
  <testcase name="verifyHomePageTitleTest" time="0.18" classname="com.AderantOmega.qa.testcases.HomePageTest"/>
  <testcase name="verifyMyHomeTitle" time="0.402" classname="com.AderantOmega.qa.testcases.HomePageTest"/>
  <testcase name="clickOnMyHomeTabTest" time="1.632" classname="com.AderantOmega.qa.testcases.HomePageTest"/>
</testsuite> <!-- Default test -->
