<?xml version="1.0" encoding="UTF-8"?>
<!-- Generated by org.testng.reporters.JUnitXMLReporter -->
<testsuite hostname="user-PC" ignored="0" name="Aderant Omega App Test Cases" tests="6" failures="0" timestamp="12 Dec 2019 20:06:25 GMT" time="73.572" errors="0">
  <testcase name="loginTest" time="1.541" classname="com.AderantOmega.qa.testcases.LoginPageTest"/>
  <testcase name="clickOnCRMSFALinkTest" time="6.223" classname="com.AderantOmega.qa.testcases.CRMSFATest"/>
  <testcase name="verifyHomePageTitleTest" time="0.124" classname="com.AderantOmega.qa.testcases.HomePageTest"/>
  <testcase name="clickOnMyHomeTabTest" time="1.816" classname="com.AderantOmega.qa.testcases.HomePageTest"/>
  <testcase name="verifyMyHomeTitle" time="0.234" classname="com.AderantOmega.qa.testcases.HomePageTest"/>
  <testcase name="clickOnLeadsTabTest" time="1.524" classname="com.AderantOmega.qa.testcases.HomePageTest"/>
</testsuite> <!-- Aderant Omega App Test Cases -->
