<?xml version="1.0" encoding="UTF-8"?>
<!-- Generated by org.testng.reporters.JUnitXMLReporter -->
<testsuite hostname="user-PC" ignored="0" name="Aderant Omega App Test Cases" tests="6" failures="0" timestamp="23 Dec 2019 15:42:55 GMT" time="72.826" errors="0">
  <testcase name="loginTest" time="0.683" classname="com.AderantOmega.qa.testcases.LoginPageTest"/>
  <testcase name="clickOnCRMSFALinkTest" time="6.585" classname="com.AderantOmega.qa.testcases.CRMSFATest"/>
  <testcase name="verifyHomePageTitleTest" time="0.052" classname="com.AderantOmega.qa.testcases.HomePageTest"/>
  <testcase name="clickOnMyHomeTabTest" time="1.418" classname="com.AderantOmega.qa.testcases.HomePageTest"/>
  <testcase name="verifyMyHomeTitle" time="0.289" classname="com.AderantOmega.qa.testcases.HomePageTest"/>
  <testcase name="clickOnLeadsTabTest" time="2.279" classname="com.AderantOmega.qa.testcases.HomePageTest"/>
</testsuite> <!-- Aderant Omega App Test Cases -->
