<?xml version="1.0" encoding="UTF-8"?>
<!-- Generated by org.testng.reporters.JUnitXMLReporter -->
<testsuite hostname="user-PC" ignored="0" name="Command line test" tests="5" failures="0" timestamp="12 Dec 2019 20:36:15 GMT" time="120.26" errors="0">
  <testcase name="clickOnCRMSFALinkTest" time="8.713" classname="com.AderantOmega.qa.testcases.CRMSFATest"/>
  <testcase name="validateCreateLead" time="11.241" classname="com.AderantOmega.qa.testcases.LeadsPageTest"/>
  <testcase name="validateCreateLead" time="7.876" classname="com.AderantOmega.qa.testcases.LeadsPageTest"/>
  <testcase name="validateCreateLead" time="10.71" classname="com.AderantOmega.qa.testcases.LeadsPageTest"/>
  <testcase name="loginTest" time="1.146" classname="com.AderantOmega.qa.testcases.LoginPageTest"/>
</testsuite> <!-- Command line test -->
